\BOOKMARK [0][-]{chapter.1}{Executive Summary}{}% 1
\BOOKMARK [0][-]{chapter.2}{Introduction}{}% 2
\BOOKMARK [1][-]{section.2.1}{Nucleon Spin: Valence and Sea Quark Polarization}{chapter.2}% 3
\BOOKMARK [1][-]{section.2.2}{Flavor Asymmetry of Unpolarized and Polarized Sea}{chapter.2}% 4
\BOOKMARK [0][-]{chapter.3}{SIDIS Spin Asymmetries A1Nh and Methods of Spin-Flavor Decomposition}{}% 5
\BOOKMARK [1][-]{section.3.1}{Semi-Inclusive DIS kinematic definitions}{chapter.3}% 6
\BOOKMARK [1][-]{section.3.2}{Beam-target double-spin asymmetries at leading order }{chapter.3}% 7
\BOOKMARK [1][-]{section.3.3}{HERMES and COMPASS results from leading order purity method }{chapter.3}% 8
\BOOKMARK [1][-]{section.3.4}{Neutron SIDIS asymmetries are sensitive to d and }{chapter.3}% 9
\BOOKMARK [1][-]{section.3.5}{SIDIS Cross sections at the next-to-leading order}{chapter.3}% 10
\BOOKMARK [1][-]{section.3.6}{NLO global QCD analysis of DIS and SIDIS data}{chapter.3}% 11
\BOOKMARK [1][-]{section.3.7}{Method of spin-flavor decomposition}{chapter.3}% 12
\BOOKMARK [2][-]{subsection.3.7.1}{LO Christova-Leader method to obtain uv\(x\), dv\(x\) and \(x\) - \(x\)}{section.3.7}% 13
\BOOKMARK [2][-]{subsection.3.7.2}{NLO Christova-Leader method}{section.3.7}% 14
\BOOKMARK [2][-]{subsection.3.7.3}{Cross check qv with measurement at RHIC}{section.3.7}% 15
\BOOKMARK [2][-]{subsection.3.7.4}{Spin observables to check the leading order naive x-z separation}{section.3.7}% 16
\BOOKMARK [0][-]{chapter.4}{The Experiment}{}% 17
\BOOKMARK [1][-]{section.4.1}{Summary of Requested Beam Time Allocations}{chapter.4}% 18
\BOOKMARK [1][-]{section.4.2}{Experiment Apparatus}{chapter.4}% 19
\BOOKMARK [2][-]{subsection.4.2.1}{High-Luminosity Polarized 3He Target}{section.4.2}% 20
\BOOKMARK [2][-]{subsection.4.2.2}{BigBite Spectrometer}{section.4.2}% 21
\BOOKMARK [2][-]{subsection.4.2.3}{Super BigBite Spectrometer}{section.4.2}% 22
\BOOKMARK [2][-]{subsection.4.2.4}{Ring-Imaging Cherenkov detector for SBS}{section.4.2}% 23
\BOOKMARK [1][-]{section.4.3}{Experiment Plan and Expected Results}{chapter.4}% 24
\BOOKMARK [2][-]{subsection.4.3.1}{Monte Carlo Simulation}{section.4.3}% 25
\BOOKMARK [2][-]{subsection.4.3.2}{SIDIS Cross Section Model}{section.4.3}% 26
\BOOKMARK [2][-]{subsection.4.3.3}{SIDIS Kinematic Coverage}{section.4.3}% 27
\BOOKMARK [2][-]{subsection.4.3.4}{Event Rates}{section.4.3}% 28
\BOOKMARK [2][-]{subsection.4.3.5}{Projected Statistical Uncertainties in A1hn\(x,z\)}{section.4.3}% 29
\BOOKMARK [2][-]{subsection.4.3.6}{Comparison to Existing Data}{section.4.3}% 30
\BOOKMARK [2][-]{subsection.4.3.7}{Comparison to Other Approved Experiments and the Role of This Proposal in the Overall JLab 12 GeV SIDIS Program}{section.4.3}% 31
\BOOKMARK [0][-]{chapter.5}{Expected Results on Nucleon Spin-Flavor Decomposition}{}% 32
\BOOKMARK [1][-]{section.5.1}{Systematic uncertainties on asymmetry A1Heh and A1nh}{chapter.5}% 33
\BOOKMARK [1][-]{section.5.2}{Expected results from NLO global fit and impacts to DSSV2008}{chapter.5}% 34
\BOOKMARK [1][-]{section.5.3}{Expected results from Leading-Oder ``purity'' method}{chapter.5}% 35
\BOOKMARK [1][-]{section.5.4}{Expected results fromLeading-Order Christova-Leader method}{chapter.5}% 36
\BOOKMARK [2][-]{subsection.5.4.1}{Statistical uncertainties of the combined asymmetries A1He+ - - }{section.5.4}% 37
\BOOKMARK [2][-]{subsection.5.4.2}{Valence quark polarization and their moments}{section.5.4}% 38
\BOOKMARK [2][-]{subsection.5.4.3}{??? Need doble-check ??? Statistical and systematic uncertainty \040-}{section.5.4}% 39
\BOOKMARK [1][-]{section.5.5}{??? Need double-check??? Other systematic uncertainties}{chapter.5}% 40
\BOOKMARK [2][-]{subsection.5.5.1}{Effective nucleon polarization in 3He}{section.5.5}% 41
\BOOKMARK [2][-]{subsection.5.5.2}{-N final state interaction }{section.5.5}% 42
\BOOKMARK [2][-]{subsection.5.5.3}{Target fragmentation and vector meson production }{section.5.5}% 43
\BOOKMARK [2][-]{subsection.5.5.4}{Corrections from non-vanishing An \(or AnLT\) }{section.5.5}% 44
\BOOKMARK [0][-]{subsection.5.5.4}{Acknowledgments}{}% 45
\BOOKMARK [0][-]{appendix.A}{HERMES and COMPASS Results and NLO Global Fits}{}% 46
\BOOKMARK [1][-]{section.A.1}{HERMES and COMPASS results of Leading-Order purity method }{appendix.A}% 47
\BOOKMARK [1][-]{section.A.2}{NLO global fit to DIS and SIDIS Data}{appendix.A}% 48
\BOOKMARK [0][-]{appendix.B}{Leading-Order SIDIS Asymmetries and SU\(2\) Assumptions }{}% 49
\BOOKMARK [1][-]{section.B.1}{Leading-order SIDIS asymmetries A1Nh}{appendix.B}% 50
\BOOKMARK [2][-]{subsection.B.1.1}{Spin-dependent and spin-independent cross sections at LO}{section.B.1}% 51
\BOOKMARK [2][-]{subsection.B.1.2}{The asymmetries expressed in ``fixed-z purity''}{section.B.1}% 52
\BOOKMARK [1][-]{section.B.2}{Systematic uncertainties in Chritova-Leader LO method introduced by SU\(2\) symmetry violations }{appendix.B}% 53
\BOOKMARK [2][-]{subsection.B.2.1}{Case-1: only u and d fragmentation functions violate SU\(2\)}{section.B.2}% 54
\BOOKMARK [2][-]{subsection.B.2.2}{Case-12: only \040and \040fragmentation functions violate SU\(2\)}{section.B.2}% 55
\BOOKMARK [0][-]{appendix.C}{Projected Results of SIDIS Asymmetries on 3He and Neutron}{}% 56
\BOOKMARK [0][-]{appendix.D}{Projected Results of LO Spin-Flavor Decomposition}{}% 57
\BOOKMARK [1][-]{section.D.1}{ Statistical Uncertainties of LO Christova-Leader Method of Spin-Flavor Decomposition}{appendix.D}% 58
\BOOKMARK [0][-]{section*.2}{References}{}% 59
